<?xml version="1.0" encoding="UTF-8"?>
<!-- Generated by org.testng.reporters.JUnitReportReporter -->
<testsuite hostname="arpaghos-WX-1" failures="0" tests="1" name="com.app.ui.AdminPage" time="6.636" errors="0" timestamp="2021-08-10T19:39:19 IST" skipped="0">
  <testcase classname="com.app.ui.AdminPage" name="validUserCredsTest" time="6.636"/>
  <system-out/>
</testsuite> <!-- com.app.ui.AdminPage -->
