<?xml version="1.0" encoding="UTF-8"?>
<!-- Generated by org.testng.reporters.JUnitReportReporter -->
<testsuite hostname="arpaghos-WX-1" failures="0" tests="3" name="com.app.ui.MenuPage" time="40.123" errors="0" timestamp="2021-08-10T19:39:19 IST" skipped="0">
  <testcase classname="com.app.ui.MenuPage" name="validUserCredsTest" time="9.345"/>
  <system-out/>
  <testcase classname="com.app.ui.MenuPage" name="validCardDisplayOnPage" time="15.297"/>
  <system-out/>
  <testcase classname="com.app.ui.MenuPage" name="invalidUserCredsTest" time="15.481"/>
  <system-out/>
</testsuite> <!-- com.app.ui.MenuPage -->
